{"/home/ubuntu/project/lib/tools.js":{"path":"/home/ubuntu/project/lib/tools.js","s":{"1":1,"2":1,"3":1,"4":1,"5":1,"6":1,"7":0,"8":0,"9":0,"10":0,"11":0},"b":{},"f":{"1":1},"fnMap":{"1":{"name":"(anonymous_1)","line":7,"loc":{"start":{"line":7,"column":13},"end":{"line":7,"column":29}}}},"statementMap":{"1":{"start":{"line":1,"column":0},"end":{"line":1,"column":25}},"2":{"start":{"line":2,"column":0},"end":{"line":2,"column":33}},"3":{"start":{"line":4,"column":0},"end":{"line":33,"column":2}},"4":{"start":{"line":9,"column":1},"end":{"line":9,"column":48}},"5":{"start":{"line":11,"column":1},"end":{"line":11,"column":14}},"6":{"start":{"line":13,"column":1},"end":{"line":29,"column":8}},"7":{"start":{"line":20,"column":2},"end":{"line":20,"column":42}},"8":{"start":{"line":21,"column":2},"end":{"line":21,"column":21}},"9":{"start":{"line":24,"column":2},"end":{"line":24,"column":17}},"10":{"start":{"line":27,"column":2},"end":{"line":27,"column":19}},"11":{"start":{"line":28,"column":2},"end":{"line":28,"column":25}}},"branchMap":{}}}